[INFO] Scanning for projects...
[INFO]                                                                         
[INFO] ------------------------------------------------------------------------
[INFO] Building Calculadora 3.18-SNAPSHOT
[INFO] ------------------------------------------------------------------------
[INFO] 
[INFO] >>> spring-boot-maven-plugin:1.4.1.RELEASE:run (default-cli) @ Calculadora >>>
[INFO] 
[INFO] --- maven-resources-plugin:2.6:resources (default-resources) @ Calculadora ---
[INFO] Using 'UTF-8' encoding to copy filtered resources.
[INFO] Copying 1 resource
[INFO] Copying 0 resource
[INFO] 
[INFO] --- maven-compiler-plugin:3.1:compile (default-compile) @ Calculadora ---
[INFO] Nothing to compile - all classes are up to date
[INFO] 
[INFO] --- maven-resources-plugin:2.6:testResources (default-testResources) @ Calculadora ---
[INFO] Using 'UTF-8' encoding to copy filtered resources.
[INFO] skip non existing resourceDirectory /var/lib/jenkins/jobs/Integracao/workspace/src/test/resources
[INFO] 
[INFO] --- maven-compiler-plugin:3.1:testCompile (default-testCompile) @ Calculadora ---
[INFO] Nothing to compile - all classes are up to date
[INFO] 
[INFO] <<< spring-boot-maven-plugin:1.4.1.RELEASE:run (default-cli) @ Calculadora <<<
[INFO] 
[INFO] --- spring-boot-maven-plugin:1.4.1.RELEASE:run (default-cli) @ Calculadora ---

  .   ____          _            __ _ _
 /\\ / ___'_ __ _ _(_)_ __  __ _ \ \ \ \
( ( )\___ | '_ | '_| | '_ \/ _` | \ \ \ \
 \\/  ___)| |_)| | | | | || (_| |  ) ) ) )
  '  |____| .__|_| |_|_| |_\__, | / / / /
 =========|_|==============|___/=/_/_/_/
 :: Spring Boot ::        (v1.4.1.RELEASE)

2016-10-26 03:09:46.278  INFO 11186 --- [           main] com.jandisson.Application                : Starting Application on efe529075c9d with PID 11186 (/var/lib/jenkins/jobs/Integracao/workspace/target/classes started by root in /opt/Calculadora)
2016-10-26 03:09:46.282  INFO 11186 --- [           main] com.jandisson.Application                : No active profile set, falling back to default profiles: default
2016-10-26 03:09:46.341  INFO 11186 --- [           main] ationConfigEmbeddedWebApplicationContext : Refreshing org.springframework.boot.context.embedded.AnnotationConfigEmbeddedWebApplicationContext@372c5085: startup date [Wed Oct 26 03:09:46 UTC 2016]; root of context hierarchy
2016-10-26 03:09:47.615  INFO 11186 --- [           main] org.eclipse.jetty.util.log               : Logging initialized @5180ms
2016-10-26 03:09:47.719  INFO 11186 --- [           main] e.j.JettyEmbeddedServletContainerFactory : Server initialized with port: 8081
2016-10-26 03:09:47.721  INFO 11186 --- [           main] org.eclipse.jetty.server.Server          : jetty-9.3.11.v20160721
2016-10-26 03:09:47.838  INFO 11186 --- [           main] application                              : Initializing Spring embedded WebApplicationContext
2016-10-26 03:09:47.839  INFO 11186 --- [           main] o.s.web.context.ContextLoader            : Root WebApplicationContext: initialization completed in 1503 ms
2016-10-26 03:09:47.986  INFO 11186 --- [           main] o.s.b.w.servlet.ServletRegistrationBean  : Mapping servlet: 'dispatcherServlet' to [/]
2016-10-26 03:09:47.989  INFO 11186 --- [           main] o.s.b.w.servlet.FilterRegistrationBean   : Mapping filter: 'characterEncodingFilter' to: [/*]
2016-10-26 03:09:47.989  INFO 11186 --- [           main] o.s.b.w.servlet.FilterRegistrationBean   : Mapping filter: 'hiddenHttpMethodFilter' to: [/*]
2016-10-26 03:09:47.990  INFO 11186 --- [           main] o.s.b.w.servlet.FilterRegistrationBean   : Mapping filter: 'httpPutFormContentFilter' to: [/*]
2016-10-26 03:09:47.990  INFO 11186 --- [           main] o.s.b.w.servlet.FilterRegistrationBean   : Mapping filter: 'requestContextFilter' to: [/*]
2016-10-26 03:09:48.395  INFO 11186 --- [           main] o.e.jetty.server.handler.ContextHandler  : Started o.s.b.c.e.j.JettyEmbeddedWebAppContext@401ba5{/,file:///tmp/jetty-docbase.6015128664535470691.8081/,AVAILABLE}
2016-10-26 03:09:48.395  INFO 11186 --- [           main] org.eclipse.jetty.server.Server          : Started @5962ms
2016-10-26 03:09:48.673  INFO 11186 --- [           main] s.w.s.m.m.a.RequestMappingHandlerAdapter : Looking for @ControllerAdvice: org.springframework.boot.context.embedded.AnnotationConfigEmbeddedWebApplicationContext@372c5085: startup date [Wed Oct 26 03:09:46 UTC 2016]; root of context hierarchy
2016-10-26 03:09:48.755  INFO 11186 --- [           main] s.w.s.m.m.a.RequestMappingHandlerMapping : Mapped "{[/soma/{numero1}/{numero2}]}" onto public double com.jandisson.Calculadora.soma(double,double)
2016-10-26 03:09:48.759  INFO 11186 --- [           main] s.w.s.m.m.a.RequestMappingHandlerMapping : Mapped "{[/error],produces=[text/html]}" onto public org.springframework.web.servlet.ModelAndView org.springframework.boot.autoconfigure.web.BasicErrorController.errorHtml(javax.servlet.http.HttpServletRequest,javax.servlet.http.HttpServletResponse)
2016-10-26 03:09:48.760  INFO 11186 --- [           main] s.w.s.m.m.a.RequestMappingHandlerMapping : Mapped "{[/error]}" onto public org.springframework.http.ResponseEntity<java.util.Map<java.lang.String, java.lang.Object>> org.springframework.boot.autoconfigure.web.BasicErrorController.error(javax.servlet.http.HttpServletRequest)
2016-10-26 03:09:48.793  INFO 11186 --- [           main] o.s.w.s.handler.SimpleUrlHandlerMapping  : Mapped URL path [/webjars/**] onto handler of type [class org.springframework.web.servlet.resource.ResourceHttpRequestHandler]
2016-10-26 03:09:48.794  INFO 11186 --- [           main] o.s.w.s.handler.SimpleUrlHandlerMapping  : Mapped URL path [/**] onto handler of type [class org.springframework.web.servlet.resource.ResourceHttpRequestHandler]
2016-10-26 03:09:48.836  INFO 11186 --- [           main] o.s.w.s.handler.SimpleUrlHandlerMapping  : Mapped URL path [/**/favicon.ico] onto handler of type [class org.springframework.web.servlet.resource.ResourceHttpRequestHandler]
2016-10-26 03:09:49.058  INFO 11186 --- [           main] o.s.j.e.a.AnnotationMBeanExporter        : Registering beans for JMX exposure on startup
2016-10-26 03:09:49.080  INFO 11186 --- [           main] application                              : Initializing Spring FrameworkServlet 'dispatcherServlet'
2016-10-26 03:09:49.080  INFO 11186 --- [           main] o.s.web.servlet.DispatcherServlet        : FrameworkServlet 'dispatcherServlet': initialization started
2016-10-26 03:09:49.094  INFO 11186 --- [           main] o.s.web.servlet.DispatcherServlet        : FrameworkServlet 'dispatcherServlet': initialization completed in 14 ms
2016-10-26 03:09:49.118  INFO 11186 --- [           main] o.e.jetty.server.AbstractConnector       : Started ServerConnector@54bcf821{HTTP/1.1,[http/1.1]}{0.0.0.0:8081}
2016-10-26 03:09:49.122  INFO 11186 --- [           main] .s.b.c.e.j.JettyEmbeddedServletContainer : Jetty started on port(s) 8081 (http/1.1)
2016-10-26 03:09:49.127  INFO 11186 --- [           main] com.jandisson.Application                : Started Application in 3.479 seconds (JVM running for 6.694)
